<?xml version="1.0" encoding="UTF-8"?>
<!-- Generated by org.testng.reporters.JUnitReportReporter -->
<testsuite hostname="bittechs-imac.lan" name="com.UnitTest" tests="2" failures="0" timestamp="2 Nov 2023 22:56:31 GMT" time="0.008" errors="0">
  <testcase name="signIn" time="0.004" classname="com.UnitTest"/>
  <testcase name="signOut" time="0.004" classname="com.UnitTest"/>
</testsuite> <!-- com.UnitTest -->
