<?xml version="1.0" encoding="UTF-8"?>
<!-- Generated by org.testng.reporters.JUnitReportReporter -->
<testsuite hostname="bittechs-imac.lan" name="com.SmokeTest" tests="1" failures="0" timestamp="2 Nov 2023 22:56:31 GMT" time="0.001" errors="0">
  <testcase name="buyAShirt" time="0.001" classname="com.SmokeTest"/>
</testsuite> <!-- com.SmokeTest -->
